Flow report for orag_assiment_v2
Fri May 17 19:46:09 2024
Quartus II 64-Bit Version 13.1.0 Build 162 10/23/2013 SJ Web Edition


---------------------
; Table of Contents ;
---------------------
  1. Legal Notice
  2. Flow Summary
  3. Flow Settings
  4. Flow Non-Default Global Settings
  5. Flow Elapsed Time
  6. Flow OS Summary
  7. Flow Log
  8. Flow Messages
  9. Flow Suppressed Messages



----------------
; Legal Notice ;
----------------
Copyright (C) 1991-2013 Altera Corporation
Your use of Altera Corporation's design tools, logic functions 
and other software and tools, and its AMPP partner logic 
functions, and any output files from any of the foregoing 
(including device programming or simulation files), and any 
associated documentation or information are expressly subject 
to the terms and conditions of the Altera Program License 
Subscription Agreement, Altera MegaCore Function License 
Agreement, or other applicable license agreement, including, 
without limitation, that your use is for the sole purpose of 
programming logic devices manufactured by Altera and sold by 
Altera or its authorized distributors.  Please refer to the 
applicable agreement for further details.



+---------------------------------------------------------------------------------+
; Flow Summary                                                                    ;
+------------------------------------+--------------------------------------------+
; Flow Status                        ; Successful - Fri May 17 19:46:09 2024      ;
; Quartus II 64-Bit Version          ; 13.1.0 Build 162 10/23/2013 SJ Web Edition ;
; Revision Name                      ; orag_assiment_v2                           ;
; Top-level Entity Name              ; orag_v2                                    ;
; Family                             ; Cyclone IV GX                              ;
; Total logic elements               ; 70 / 21,280 ( < 1 % )                      ;
;     Total combinational functions  ; 69 / 21,280 ( < 1 % )                      ;
;     Dedicated logic registers      ; 46 / 21,280 ( < 1 % )                      ;
; Total registers                    ; 46                                         ;
; Total pins                         ; 50 / 167 ( 30 % )                          ;
; Total virtual pins                 ; 0                                          ;
; Total memory bits                  ; 0 / 774,144 ( 0 % )                        ;
; Embedded Multiplier 9-bit elements ; 0 / 80 ( 0 % )                             ;
; Total GXB Receiver Channel PCS     ; 0 / 4 ( 0 % )                              ;
; Total GXB Receiver Channel PMA     ; 0 / 4 ( 0 % )                              ;
; Total GXB Transmitter Channel PCS  ; 0 / 4 ( 0 % )                              ;
; Total GXB Transmitter Channel PMA  ; 0 / 4 ( 0 % )                              ;
; Total PLLs                         ; 0 / 4 ( 0 % )                              ;
; Device                             ; EP4CGX22CF19C6                             ;
; Timing Models                      ; Final                                      ;
+------------------------------------+--------------------------------------------+


+-----------------------------------------+
; Flow Settings                           ;
+-------------------+---------------------+
; Option            ; Setting             ;
+-------------------+---------------------+
; Start date & time ; 05/17/2024 19:43:15 ;
; Main task         ; Compilation         ;
; Revision Name     ; orag_assiment_v2    ;
+-------------------+---------------------+


+-------------------------------------------------------------------------------------------------------------------------------------------+
; Flow Non-Default Global Settings                                                                                                          ;
+-------------------------------------+---------------------------------------------------+------------------+-------------+----------------+
; Assignment Name                     ; Value                                             ; Default Value    ; Entity Name ; Section Id     ;
+-------------------------------------+---------------------------------------------------+------------------+-------------+----------------+
; COMPILER_SIGNATURE_ID               ; 48849903646765.171596419502812                    ; --               ; --          ; --             ;
; EDA_GENERATE_FUNCTIONAL_NETLIST     ; On                                                ; --               ; --          ; eda_simulation ;
; EDA_NETLIST_WRITER_OUTPUT_DIR       ; C:/altera/13.1/oraga_assiment_v2/simulation/qsim/ ; --               ; --          ; eda_simulation ;
; EDA_OUTPUT_DATA_FORMAT              ; Verilog Hdl                                       ; --               ; --          ; eda_simulation ;
; EDA_SIMULATION_TOOL                 ; ModelSim-Altera (Verilog)                         ; <None>           ; --          ; --             ;
; PARTITION_COLOR                     ; 16764057                                          ; --               ; orag_v2     ; Top            ;
; PARTITION_FITTER_PRESERVATION_LEVEL ; PLACEMENT_AND_ROUTING                             ; --               ; orag_v2     ; Top            ;
; PARTITION_NETLIST_TYPE              ; SOURCE                                            ; --               ; orag_v2     ; Top            ;
; PROJECT_OUTPUT_DIRECTORY            ; output_files                                      ; --               ; --          ; --             ;
; TOP_LEVEL_ENTITY                    ; orag_v2                                           ; orag_assiment_v2 ; --          ; --             ;
+-------------------------------------+---------------------------------------------------+------------------+-------------+----------------+


+-------------------------------------------------------------------------------------------------------------------------------+
; Flow Elapsed Time                                                                                                             ;
+---------------------------+--------------+-------------------------+---------------------+------------------------------------+
; Module Name               ; Elapsed Time ; Average Processors Used ; Peak Virtual Memory ; Total CPU Time (on all processors) ;
+---------------------------+--------------+-------------------------+---------------------+------------------------------------+
; Analysis & Synthesis      ; 00:00:01     ; 1.0                     ; 4666 MB             ; 00:00:00                           ;
; Fitter                    ; 00:00:06     ; 1.0                     ; 5054 MB             ; 00:00:04                           ;
; Assembler                 ; 00:00:01     ; 1.0                     ; 4643 MB             ; 00:00:01                           ;
; TimeQuest Timing Analyzer ; 00:00:02     ; 1.0                     ; 4638 MB             ; 00:00:01                           ;
; EDA Netlist Writer        ; 00:00:00     ; 1.0                     ; 4590 MB             ; 00:00:00                           ;
; EDA Netlist Writer        ; 00:00:01     ; 1.0                     ; 4592 MB             ; 00:00:00                           ;
; EDA Netlist Writer        ; 00:00:01     ; 1.0                     ; 4608 MB             ; 00:00:00                           ;
; EDA Netlist Writer        ; 00:00:00     ; 1.0                     ; 4592 MB             ; 00:00:00                           ;
; EDA Netlist Writer        ; 00:00:00     ; 1.0                     ; 4608 MB             ; 00:00:00                           ;
; Total                     ; 00:00:12     ; --                      ; --                  ; 00:00:06                           ;
+---------------------------+--------------+-------------------------+---------------------+------------------------------------+


+----------------------------------------------------------------------------------------+
; Flow OS Summary                                                                        ;
+---------------------------+------------------+-----------+------------+----------------+
; Module Name               ; Machine Hostname ; OS Name   ; OS Version ; Processor type ;
+---------------------------+------------------+-----------+------------+----------------+
; Analysis & Synthesis      ; DESKTOP-0OK9OJN  ; Windows 7 ; 6.2        ; x86_64         ;
; Fitter                    ; DESKTOP-0OK9OJN  ; Windows 7 ; 6.2        ; x86_64         ;
; Assembler                 ; DESKTOP-0OK9OJN  ; Windows 7 ; 6.2        ; x86_64         ;
; TimeQuest Timing Analyzer ; DESKTOP-0OK9OJN  ; Windows 7 ; 6.2        ; x86_64         ;
; EDA Netlist Writer        ; DESKTOP-0OK9OJN  ; Windows 7 ; 6.2        ; x86_64         ;
; EDA Netlist Writer        ; DESKTOP-0OK9OJN  ; Windows 7 ; 6.2        ; x86_64         ;
; EDA Netlist Writer        ; DESKTOP-0OK9OJN  ; Windows 7 ; 6.2        ; x86_64         ;
; EDA Netlist Writer        ; DESKTOP-0OK9OJN  ; Windows 7 ; 6.2        ; x86_64         ;
; EDA Netlist Writer        ; DESKTOP-0OK9OJN  ; Windows 7 ; 6.2        ; x86_64         ;
+---------------------------+------------------+-----------+------------+----------------+


------------
; Flow Log ;
------------
quartus_map --read_settings_files=on --write_settings_files=off orag_assiment_v2 -c orag_assiment_v2
quartus_fit --read_settings_files=off --write_settings_files=off orag_assiment_v2 -c orag_assiment_v2
quartus_asm --read_settings_files=off --write_settings_files=off orag_assiment_v2 -c orag_assiment_v2
quartus_sta orag_assiment_v2 -c orag_assiment_v2
quartus_eda --read_settings_files=off --write_settings_files=off orag_assiment_v2 -c orag_assiment_v2
quartus_eda --gen_testbench --check_outputs=on --tool=modelsim_oem --format=verilog orag_assiment_v2 -c orag_assiment_v2 --vector_source=C:/altera/13.1/oraga_assiment_v2/orag_v2.vwf --testbench_file=C:/altera/13.1/oraga_assiment_v2/simulation/qsim/orag_v2.vwf.vt
quartus_eda --functional=on --flatten_buses=off --simulation=on --tool=modelsim_oem --format=verilog --output_directory=C:/altera/13.1/oraga_assiment_v2/simulation/qsim/ orag_assiment_v2 -c orag_assiment_v2
quartus_eda --gen_testbench --check_outputs=on --tool=modelsim_oem --format=verilog orag_assiment_v2 -c orag_assiment_v2 --vector_source=C:/altera/13.1/oraga_assiment_v2/orag_v2.vwf --testbench_file=C:/altera/13.1/oraga_assiment_v2/simulation/qsim/orag_v2.vwf.vt
quartus_eda --functional=on --flatten_buses=off --simulation=on --tool=modelsim_oem --format=verilog --output_directory=C:/altera/13.1/oraga_assiment_v2/simulation/qsim/ orag_assiment_v2 -c orag_assiment_v2



