Analysis & Synthesis report for orag_assiment_v2
Fri May 17 19:43:16 2024
Quartus II 64-Bit Version 13.1.0 Build 162 10/23/2013 SJ Web Edition


---------------------
; Table of Contents ;
---------------------
  1. Legal Notice
  2. Analysis & Synthesis Summary
  3. Analysis & Synthesis Settings
  4. Parallel Compilation
  5. Analysis & Synthesis Source Files Read
  6. Analysis & Synthesis Resource Usage Summary
  7. Analysis & Synthesis Resource Utilization by Entity
  8. Registers Removed During Synthesis
  9. General Register Statistics
 10. Multiplexer Restructuring Statistics (Restructuring Performed)
 11. Elapsed Time Per Partition
 12. Analysis & Synthesis Messages



----------------
; Legal Notice ;
----------------
Copyright (C) 1991-2013 Altera Corporation
Your use of Altera Corporation's design tools, logic functions 
and other software and tools, and its AMPP partner logic 
functions, and any output files from any of the foregoing 
(including device programming or simulation files), and any 
associated documentation or information are expressly subject 
to the terms and conditions of the Altera Program License 
Subscription Agreement, Altera MegaCore Function License 
Agreement, or other applicable license agreement, including, 
without limitation, that your use is for the sole purpose of 
programming logic devices manufactured by Altera and sold by 
Altera or its authorized distributors.  Please refer to the 
applicable agreement for further details.



+---------------------------------------------------------------------------------+
; Analysis & Synthesis Summary                                                    ;
+------------------------------------+--------------------------------------------+
; Analysis & Synthesis Status        ; Successful - Fri May 17 19:43:16 2024      ;
; Quartus II 64-Bit Version          ; 13.1.0 Build 162 10/23/2013 SJ Web Edition ;
; Revision Name                      ; orag_assiment_v2                           ;
; Top-level Entity Name              ; orag_v2                                    ;
; Family                             ; Cyclone IV GX                              ;
; Total logic elements               ; 69                                         ;
;     Total combinational functions  ; 69                                         ;
;     Dedicated logic registers      ; 46                                         ;
; Total registers                    ; 46                                         ;
; Total pins                         ; 50                                         ;
; Total virtual pins                 ; 0                                          ;
; Total memory bits                  ; 0                                          ;
; Embedded Multiplier 9-bit elements ; 0                                          ;
; Total GXB Receiver Channel PCS     ; 0                                          ;
; Total GXB Receiver Channel PMA     ; 0                                          ;
; Total GXB Transmitter Channel PCS  ; 0                                          ;
; Total GXB Transmitter Channel PMA  ; 0                                          ;
; Total PLLs                         ; 0                                          ;
+------------------------------------+--------------------------------------------+


+----------------------------------------------------------------------------------------------------------------------+
; Analysis & Synthesis Settings                                                                                        ;
+----------------------------------------------------------------------------+--------------------+--------------------+
; Option                                                                     ; Setting            ; Default Value      ;
+----------------------------------------------------------------------------+--------------------+--------------------+
; Top-level entity name                                                      ; orag_v2            ; orag_assiment_v2   ;
; Family name                                                                ; Cyclone IV GX      ; Cyclone IV GX      ;
; Use smart compilation                                                      ; Off                ; Off                ;
; Enable parallel Assembler and TimeQuest Timing Analyzer during compilation ; On                 ; On                 ;
; Enable compact report table                                                ; Off                ; Off                ;
; Restructure Multiplexers                                                   ; Auto               ; Auto               ;
; Create Debugging Nodes for IP Cores                                        ; Off                ; Off                ;
; Preserve fewer node names                                                  ; On                 ; On                 ;
; Disable OpenCore Plus hardware evaluation                                  ; Off                ; Off                ;
; Verilog Version                                                            ; Verilog_2001       ; Verilog_2001       ;
; VHDL Version                                                               ; VHDL_1993          ; VHDL_1993          ;
; State Machine Processing                                                   ; Auto               ; Auto               ;
; Safe State Machine                                                         ; Off                ; Off                ;
; Extract Verilog State Machines                                             ; On                 ; On                 ;
; Extract VHDL State Machines                                                ; On                 ; On                 ;
; Ignore Verilog initial constructs                                          ; Off                ; Off                ;
; Iteration limit for constant Verilog loops                                 ; 5000               ; 5000               ;
; Iteration limit for non-constant Verilog loops                             ; 250                ; 250                ;
; Add Pass-Through Logic to Inferred RAMs                                    ; On                 ; On                 ;
; Infer RAMs from Raw Logic                                                  ; On                 ; On                 ;
; Parallel Synthesis                                                         ; On                 ; On                 ;
; DSP Block Balancing                                                        ; Auto               ; Auto               ;
; NOT Gate Push-Back                                                         ; On                 ; On                 ;
; Power-Up Don't Care                                                        ; On                 ; On                 ;
; Remove Redundant Logic Cells                                               ; Off                ; Off                ;
; Remove Duplicate Registers                                                 ; On                 ; On                 ;
; Ignore CARRY Buffers                                                       ; Off                ; Off                ;
; Ignore CASCADE Buffers                                                     ; Off                ; Off                ;
; Ignore GLOBAL Buffers                                                      ; Off                ; Off                ;
; Ignore ROW GLOBAL Buffers                                                  ; Off                ; Off                ;
; Ignore LCELL Buffers                                                       ; Off                ; Off                ;
; Ignore SOFT Buffers                                                        ; On                 ; On                 ;
; Limit AHDL Integers to 32 Bits                                             ; Off                ; Off                ;
; Optimization Technique                                                     ; Balanced           ; Balanced           ;
; Carry Chain Length                                                         ; 70                 ; 70                 ;
; Auto Carry Chains                                                          ; On                 ; On                 ;
; Auto Open-Drain Pins                                                       ; On                 ; On                 ;
; Perform WYSIWYG Primitive Resynthesis                                      ; Off                ; Off                ;
; Auto ROM Replacement                                                       ; On                 ; On                 ;
; Auto RAM Replacement                                                       ; On                 ; On                 ;
; Auto DSP Block Replacement                                                 ; On                 ; On                 ;
; Auto Shift Register Replacement                                            ; Auto               ; Auto               ;
; Allow Shift Register Merging across Hierarchies                            ; Auto               ; Auto               ;
; Auto Clock Enable Replacement                                              ; On                 ; On                 ;
; Strict RAM Replacement                                                     ; Off                ; Off                ;
; Allow Synchronous Control Signals                                          ; On                 ; On                 ;
; Force Use of Synchronous Clear Signals                                     ; Off                ; Off                ;
; Auto RAM Block Balancing                                                   ; On                 ; On                 ;
; Auto RAM to Logic Cell Conversion                                          ; Off                ; Off                ;
; Auto Resource Sharing                                                      ; Off                ; Off                ;
; Allow Any RAM Size For Recognition                                         ; Off                ; Off                ;
; Allow Any ROM Size For Recognition                                         ; Off                ; Off                ;
; Allow Any Shift Register Size For Recognition                              ; Off                ; Off                ;
; Use LogicLock Constraints during Resource Balancing                        ; On                 ; On                 ;
; Ignore translate_off and synthesis_off directives                          ; Off                ; Off                ;
; Timing-Driven Synthesis                                                    ; On                 ; On                 ;
; Report Parameter Settings                                                  ; On                 ; On                 ;
; Report Source Assignments                                                  ; On                 ; On                 ;
; Report Connectivity Checks                                                 ; On                 ; On                 ;
; Ignore Maximum Fan-Out Assignments                                         ; Off                ; Off                ;
; Synchronization Register Chain Length                                      ; 2                  ; 2                  ;
; PowerPlay Power Optimization                                               ; Normal compilation ; Normal compilation ;
; HDL message level                                                          ; Level2             ; Level2             ;
; Suppress Register Optimization Related Messages                            ; Off                ; Off                ;
; Number of Removed Registers Reported in Synthesis Report                   ; 5000               ; 5000               ;
; Number of Swept Nodes Reported in Synthesis Report                         ; 5000               ; 5000               ;
; Number of Inverted Registers Reported in Synthesis Report                  ; 100                ; 100                ;
; Clock MUX Protection                                                       ; On                 ; On                 ;
; Auto Gated Clock Conversion                                                ; Off                ; Off                ;
; Block Design Naming                                                        ; Auto               ; Auto               ;
; SDC constraint protection                                                  ; Off                ; Off                ;
; Synthesis Effort                                                           ; Auto               ; Auto               ;
; Shift Register Replacement - Allow Asynchronous Clear Signal               ; On                 ; On                 ;
; Pre-Mapping Resynthesis Optimization                                       ; Off                ; Off                ;
; Analysis & Synthesis Message Level                                         ; Medium             ; Medium             ;
; Disable Register Merging Across Hierarchies                                ; Auto               ; Auto               ;
; Resource Aware Inference For Block RAM                                     ; On                 ; On                 ;
; Synthesis Seed                                                             ; 1                  ; 1                  ;
+----------------------------------------------------------------------------+--------------------+--------------------+


Parallel compilation was disabled, but you have multiple processors available. Enable parallel compilation to reduce compilation time.
+-------------------------------------+
; Parallel Compilation                ;
+----------------------------+--------+
; Processors                 ; Number ;
+----------------------------+--------+
; Number detected on machine ; 8      ;
; Maximum allowed            ; 1      ;
+----------------------------+--------+


+----------------------------------------------------------------------------------------------------------------------------------------------------------------+
; Analysis & Synthesis Source Files Read                                                                                                                         ;
+----------------------------------+-----------------+------------------------------------+------------------------------------------------------------+---------+
; File Name with User-Entered Path ; Used in Netlist ; File Type                          ; File Name with Absolute Path                               ; Library ;
+----------------------------------+-----------------+------------------------------------+------------------------------------------------------------+---------+
; micro_control.v                  ; yes             ; User Verilog HDL File              ; C:/altera/13.1/oraga_assiment_v2/micro_control.v           ;         ;
; decoder2x4.v                     ; yes             ; User Verilog HDL File              ; C:/altera/13.1/oraga_assiment_v2/decoder2x4.v              ;         ;
; decoder3x8.v                     ; yes             ; User Verilog HDL File              ; C:/altera/13.1/oraga_assiment_v2/decoder3x8.v              ;         ;
; D_FF.v                           ; yes             ; User Verilog HDL File              ; C:/altera/13.1/oraga_assiment_v2/D_FF.v                    ;         ;
; T_FF.v                           ; yes             ; User Verilog HDL File              ; C:/altera/13.1/oraga_assiment_v2/T_FF.v                    ;         ;
; T_reg.v                          ; yes             ; User Verilog HDL File              ; C:/altera/13.1/oraga_assiment_v2/T_reg.v                   ;         ;
; mux2x1.v                         ; yes             ; User Verilog HDL File              ; C:/altera/13.1/oraga_assiment_v2/mux2x1.v                  ;         ;
; one_bit_reg.v                    ; yes             ; User Verilog HDL File              ; C:/altera/13.1/oraga_assiment_v2/one_bit_reg.v             ;         ;
; reg_8_bit.v                      ; yes             ; User Verilog HDL File              ; C:/altera/13.1/oraga_assiment_v2/reg_8_bit.v               ;         ;
; reg_10_bit.v                     ; yes             ; User Verilog HDL File              ; C:/altera/13.1/oraga_assiment_v2/reg_10_bit.v              ;         ;
; Memory16X10.v                    ; yes             ; User Verilog HDL File              ; C:/altera/13.1/oraga_assiment_v2/Memory16X10.v             ;         ;
; PC.v                             ; yes             ; User Verilog HDL File              ; C:/altera/13.1/oraga_assiment_v2/PC.v                      ;         ;
; orag_v2.bdf                      ; yes             ; User Block Diagram/Schematic File  ; C:/altera/13.1/oraga_assiment_v2/orag_v2.bdf               ;         ;
; mux2x1_8_bit.v                   ; yes             ; User Verilog HDL File              ; C:/altera/13.1/oraga_assiment_v2/mux2x1_8_bit.v            ;         ;
; MBR.v                            ; yes             ; User Verilog HDL File              ; C:/altera/13.1/oraga_assiment_v2/MBR.v                     ;         ;
; reg_10_bit_without_2bit.v        ; yes             ; User Verilog HDL File              ; C:/altera/13.1/oraga_assiment_v2/reg_10_bit_without_2bit.v ;         ;
; mux2x1_10_bit.v                  ; yes             ; User Verilog HDL File              ; C:/altera/13.1/oraga_assiment_v2/mux2x1_10_bit.v           ;         ;
+----------------------------------+-----------------+------------------------------------+------------------------------------------------------------+---------+


+---------------------------------------------+
; Analysis & Synthesis Resource Usage Summary ;
+--------------------------+------------------+
; Resource                 ; Usage            ;
+--------------------------+------------------+
; I/O pins                 ; 50               ;
; DSP block 9-bit elements ; 0                ;
; Maximum fan-out node     ; reset~input      ;
; Maximum fan-out          ; 48               ;
; Total fan-out            ; 438              ;
; Average fan-out          ; 2.04             ;
+--------------------------+------------------+


+---------------------------------------------------------------------------------------------------------------------------------------------------------------------------------------------------------------------------------------+
; Analysis & Synthesis Resource Utilization by Entity                                                                                                                                                                                   ;
+--------------------------------+-------------------+--------------+-------------+--------------+---------+-----------+-----------+------+--------------+---------------------------------------------------------------+--------------+
; Compilation Hierarchy Node     ; LC Combinationals ; LC Registers ; Memory Bits ; DSP Elements ; DSP 9x9 ; DSP 18x18 ; DSP 36x36 ; Pins ; Virtual Pins ; Full Hierarchy Name                                           ; Library Name ;
+--------------------------------+-------------------+--------------+-------------+--------------+---------+-----------+-----------+------+--------------+---------------------------------------------------------------+--------------+
; |orag_v2                       ; 69 (0)            ; 46 (0)       ; 0           ; 0            ; 0       ; 0         ; 0         ; 50   ; 0            ; |orag_v2                                                      ; work         ;
;    |MBR:MBR_1|                 ; 3 (0)             ; 9 (0)        ; 0           ; 0            ; 0       ; 0         ; 0         ; 0    ; 0            ; |orag_v2|MBR:MBR_1                                            ; work         ;
;       |one_bit_reg:r0|         ; 0 (0)             ; 1 (0)        ; 0           ; 0            ; 0       ; 0         ; 0         ; 0    ; 0            ; |orag_v2|MBR:MBR_1|one_bit_reg:r0                             ; work         ;
;          |D_FF:comb_4|         ; 0 (0)             ; 1 (1)        ; 0           ; 0            ; 0       ; 0         ; 0         ; 0    ; 0            ; |orag_v2|MBR:MBR_1|one_bit_reg:r0|D_FF:comb_4                 ; work         ;
;       |one_bit_reg:r1|         ; 0 (0)             ; 1 (0)        ; 0           ; 0            ; 0       ; 0         ; 0         ; 0    ; 0            ; |orag_v2|MBR:MBR_1|one_bit_reg:r1                             ; work         ;
;          |D_FF:comb_4|         ; 0 (0)             ; 1 (1)        ; 0           ; 0            ; 0       ; 0         ; 0         ; 0    ; 0            ; |orag_v2|MBR:MBR_1|one_bit_reg:r1|D_FF:comb_4                 ; work         ;
;       |one_bit_reg:r2|         ; 0 (0)             ; 1 (0)        ; 0           ; 0            ; 0       ; 0         ; 0         ; 0    ; 0            ; |orag_v2|MBR:MBR_1|one_bit_reg:r2                             ; work         ;
;          |D_FF:comb_4|         ; 0 (0)             ; 1 (1)        ; 0           ; 0            ; 0       ; 0         ; 0         ; 0    ; 0            ; |orag_v2|MBR:MBR_1|one_bit_reg:r2|D_FF:comb_4                 ; work         ;
;       |one_bit_reg:r3|         ; 0 (0)             ; 1 (0)        ; 0           ; 0            ; 0       ; 0         ; 0         ; 0    ; 0            ; |orag_v2|MBR:MBR_1|one_bit_reg:r3                             ; work         ;
;          |D_FF:comb_4|         ; 0 (0)             ; 1 (1)        ; 0           ; 0            ; 0       ; 0         ; 0         ; 0    ; 0            ; |orag_v2|MBR:MBR_1|one_bit_reg:r3|D_FF:comb_4                 ; work         ;
;       |one_bit_reg:r4|         ; 0 (0)             ; 1 (0)        ; 0           ; 0            ; 0       ; 0         ; 0         ; 0    ; 0            ; |orag_v2|MBR:MBR_1|one_bit_reg:r4                             ; work         ;
;          |D_FF:comb_4|         ; 0 (0)             ; 1 (1)        ; 0           ; 0            ; 0       ; 0         ; 0         ; 0    ; 0            ; |orag_v2|MBR:MBR_1|one_bit_reg:r4|D_FF:comb_4                 ; work         ;
;       |one_bit_reg:r5|         ; 2 (0)             ; 1 (0)        ; 0           ; 0            ; 0       ; 0         ; 0         ; 0    ; 0            ; |orag_v2|MBR:MBR_1|one_bit_reg:r5                             ; work         ;
;          |D_FF:comb_4|         ; 2 (2)             ; 1 (1)        ; 0           ; 0            ; 0       ; 0         ; 0         ; 0    ; 0            ; |orag_v2|MBR:MBR_1|one_bit_reg:r5|D_FF:comb_4                 ; work         ;
;       |one_bit_reg:r7|         ; 0 (0)             ; 1 (0)        ; 0           ; 0            ; 0       ; 0         ; 0         ; 0    ; 0            ; |orag_v2|MBR:MBR_1|one_bit_reg:r7                             ; work         ;
;          |D_FF:comb_4|         ; 0 (0)             ; 1 (1)        ; 0           ; 0            ; 0       ; 0         ; 0         ; 0    ; 0            ; |orag_v2|MBR:MBR_1|one_bit_reg:r7|D_FF:comb_4                 ; work         ;
;       |one_bit_reg:r8|         ; 0 (0)             ; 1 (0)        ; 0           ; 0            ; 0       ; 0         ; 0         ; 0    ; 0            ; |orag_v2|MBR:MBR_1|one_bit_reg:r8                             ; work         ;
;          |D_FF:comb_4|         ; 0 (0)             ; 1 (1)        ; 0           ; 0            ; 0       ; 0         ; 0         ; 0    ; 0            ; |orag_v2|MBR:MBR_1|one_bit_reg:r8|D_FF:comb_4                 ; work         ;
;       |one_bit_reg:r9|         ; 1 (0)             ; 1 (0)        ; 0           ; 0            ; 0       ; 0         ; 0         ; 0    ; 0            ; |orag_v2|MBR:MBR_1|one_bit_reg:r9                             ; work         ;
;          |D_FF:comb_4|         ; 1 (1)             ; 1 (1)        ; 0           ; 0            ; 0       ; 0         ; 0         ; 0    ; 0            ; |orag_v2|MBR:MBR_1|one_bit_reg:r9|D_FF:comb_4                 ; work         ;
;    |Memory16X10:inst27|        ; 8 (8)             ; 0 (0)        ; 0           ; 0            ; 0       ; 0         ; 0         ; 0    ; 0            ; |orag_v2|Memory16X10:inst27                                   ; work         ;
;    |PC:inst|                   ; 10 (10)           ; 8 (8)        ; 0           ; 0            ; 0       ; 0         ; 0         ; 0    ; 0            ; |orag_v2|PC:inst                                              ; work         ;
;    |T_reg:T_reg_1|             ; 4 (0)             ; 3 (0)        ; 0           ; 0            ; 0       ; 0         ; 0         ; 0    ; 0            ; |orag_v2|T_reg:T_reg_1                                        ; work         ;
;       |T_FF:t0|                ; 1 (1)             ; 1 (1)        ; 0           ; 0            ; 0       ; 0         ; 0         ; 0    ; 0            ; |orag_v2|T_reg:T_reg_1|T_FF:t0                                ; work         ;
;       |T_FF:t1|                ; 1 (1)             ; 1 (1)        ; 0           ; 0            ; 0       ; 0         ; 0         ; 0    ; 0            ; |orag_v2|T_reg:T_reg_1|T_FF:t1                                ; work         ;
;       |T_FF:t2|                ; 2 (2)             ; 1 (1)        ; 0           ; 0            ; 0       ; 0         ; 0         ; 0    ; 0            ; |orag_v2|T_reg:T_reg_1|T_FF:t2                                ; work         ;
;    |decoder3x8:DEC3x8_1|       ; 8 (8)             ; 0 (0)        ; 0           ; 0            ; 0       ; 0         ; 0         ; 0    ; 0            ; |orag_v2|decoder3x8:DEC3x8_1                                  ; work         ;
;    |micro_control:controller|  ; 7 (7)             ; 0 (0)        ; 0           ; 0            ; 0       ; 0         ; 0         ; 0    ; 0            ; |orag_v2|micro_control:controller                             ; work         ;
;    |reg_10_bit:IR|             ; 7 (0)             ; 6 (0)        ; 0           ; 0            ; 0       ; 0         ; 0         ; 0    ; 0            ; |orag_v2|reg_10_bit:IR                                        ; work         ;
;       |one_bit_reg:r0|         ; 1 (0)             ; 1 (0)        ; 0           ; 0            ; 0       ; 0         ; 0         ; 0    ; 0            ; |orag_v2|reg_10_bit:IR|one_bit_reg:r0                         ; work         ;
;          |D_FF:comb_4|         ; 1 (1)             ; 1 (1)        ; 0           ; 0            ; 0       ; 0         ; 0         ; 0    ; 0            ; |orag_v2|reg_10_bit:IR|one_bit_reg:r0|D_FF:comb_4             ; work         ;
;       |one_bit_reg:r1|         ; 1 (0)             ; 1 (0)        ; 0           ; 0            ; 0       ; 0         ; 0         ; 0    ; 0            ; |orag_v2|reg_10_bit:IR|one_bit_reg:r1                         ; work         ;
;          |D_FF:comb_4|         ; 1 (1)             ; 1 (1)        ; 0           ; 0            ; 0       ; 0         ; 0         ; 0    ; 0            ; |orag_v2|reg_10_bit:IR|one_bit_reg:r1|D_FF:comb_4             ; work         ;
;       |one_bit_reg:r2|         ; 1 (0)             ; 1 (0)        ; 0           ; 0            ; 0       ; 0         ; 0         ; 0    ; 0            ; |orag_v2|reg_10_bit:IR|one_bit_reg:r2                         ; work         ;
;          |D_FF:comb_4|         ; 1 (1)             ; 1 (1)        ; 0           ; 0            ; 0       ; 0         ; 0         ; 0    ; 0            ; |orag_v2|reg_10_bit:IR|one_bit_reg:r2|D_FF:comb_4             ; work         ;
;       |one_bit_reg:r3|         ; 1 (0)             ; 1 (0)        ; 0           ; 0            ; 0       ; 0         ; 0         ; 0    ; 0            ; |orag_v2|reg_10_bit:IR|one_bit_reg:r3                         ; work         ;
;          |D_FF:comb_4|         ; 1 (1)             ; 1 (1)        ; 0           ; 0            ; 0       ; 0         ; 0         ; 0    ; 0            ; |orag_v2|reg_10_bit:IR|one_bit_reg:r3|D_FF:comb_4             ; work         ;
;       |one_bit_reg:r8|         ; 1 (0)             ; 1 (0)        ; 0           ; 0            ; 0       ; 0         ; 0         ; 0    ; 0            ; |orag_v2|reg_10_bit:IR|one_bit_reg:r8                         ; work         ;
;          |D_FF:comb_4|         ; 1 (1)             ; 1 (1)        ; 0           ; 0            ; 0       ; 0         ; 0         ; 0    ; 0            ; |orag_v2|reg_10_bit:IR|one_bit_reg:r8|D_FF:comb_4             ; work         ;
;       |one_bit_reg:r9|         ; 2 (0)             ; 1 (0)        ; 0           ; 0            ; 0       ; 0         ; 0         ; 0    ; 0            ; |orag_v2|reg_10_bit:IR|one_bit_reg:r9                         ; work         ;
;          |D_FF:comb_4|         ; 2 (2)             ; 1 (1)        ; 0           ; 0            ; 0       ; 0         ; 0         ; 0    ; 0            ; |orag_v2|reg_10_bit:IR|one_bit_reg:r9|D_FF:comb_4             ; work         ;
;    |reg_10_bit_without_2bit:A| ; 9 (0)             ; 8 (0)        ; 0           ; 0            ; 0       ; 0         ; 0         ; 0    ; 0            ; |orag_v2|reg_10_bit_without_2bit:A                            ; work         ;
;       |one_bit_reg:r0|         ; 1 (0)             ; 1 (0)        ; 0           ; 0            ; 0       ; 0         ; 0         ; 0    ; 0            ; |orag_v2|reg_10_bit_without_2bit:A|one_bit_reg:r0             ; work         ;
;          |D_FF:comb_4|         ; 1 (1)             ; 1 (1)        ; 0           ; 0            ; 0       ; 0         ; 0         ; 0    ; 0            ; |orag_v2|reg_10_bit_without_2bit:A|one_bit_reg:r0|D_FF:comb_4 ; work         ;
;       |one_bit_reg:r1|         ; 1 (0)             ; 1 (0)        ; 0           ; 0            ; 0       ; 0         ; 0         ; 0    ; 0            ; |orag_v2|reg_10_bit_without_2bit:A|one_bit_reg:r1             ; work         ;
;          |D_FF:comb_4|         ; 1 (1)             ; 1 (1)        ; 0           ; 0            ; 0       ; 0         ; 0         ; 0    ; 0            ; |orag_v2|reg_10_bit_without_2bit:A|one_bit_reg:r1|D_FF:comb_4 ; work         ;
;       |one_bit_reg:r2|         ; 1 (0)             ; 1 (0)        ; 0           ; 0            ; 0       ; 0         ; 0         ; 0    ; 0            ; |orag_v2|reg_10_bit_without_2bit:A|one_bit_reg:r2             ; work         ;
;          |D_FF:comb_4|         ; 1 (1)             ; 1 (1)        ; 0           ; 0            ; 0       ; 0         ; 0         ; 0    ; 0            ; |orag_v2|reg_10_bit_without_2bit:A|one_bit_reg:r2|D_FF:comb_4 ; work         ;
;       |one_bit_reg:r3|         ; 1 (0)             ; 1 (0)        ; 0           ; 0            ; 0       ; 0         ; 0         ; 0    ; 0            ; |orag_v2|reg_10_bit_without_2bit:A|one_bit_reg:r3             ; work         ;
;          |D_FF:comb_4|         ; 1 (1)             ; 1 (1)        ; 0           ; 0            ; 0       ; 0         ; 0         ; 0    ; 0            ; |orag_v2|reg_10_bit_without_2bit:A|one_bit_reg:r3|D_FF:comb_4 ; work         ;
;       |one_bit_reg:r4|         ; 1 (0)             ; 1 (0)        ; 0           ; 0            ; 0       ; 0         ; 0         ; 0    ; 0            ; |orag_v2|reg_10_bit_without_2bit:A|one_bit_reg:r4             ; work         ;
;          |D_FF:comb_4|         ; 1 (1)             ; 1 (1)        ; 0           ; 0            ; 0       ; 0         ; 0         ; 0    ; 0            ; |orag_v2|reg_10_bit_without_2bit:A|one_bit_reg:r4|D_FF:comb_4 ; work         ;
;       |one_bit_reg:r5|         ; 1 (0)             ; 1 (0)        ; 0           ; 0            ; 0       ; 0         ; 0         ; 0    ; 0            ; |orag_v2|reg_10_bit_without_2bit:A|one_bit_reg:r5             ; work         ;
;          |D_FF:comb_4|         ; 1 (1)             ; 1 (1)        ; 0           ; 0            ; 0       ; 0         ; 0         ; 0    ; 0            ; |orag_v2|reg_10_bit_without_2bit:A|one_bit_reg:r5|D_FF:comb_4 ; work         ;
;       |one_bit_reg:r6|         ; 2 (0)             ; 1 (0)        ; 0           ; 0            ; 0       ; 0         ; 0         ; 0    ; 0            ; |orag_v2|reg_10_bit_without_2bit:A|one_bit_reg:r6             ; work         ;
;          |D_FF:comb_4|         ; 2 (2)             ; 1 (1)        ; 0           ; 0            ; 0       ; 0         ; 0         ; 0    ; 0            ; |orag_v2|reg_10_bit_without_2bit:A|one_bit_reg:r6|D_FF:comb_4 ; work         ;
;       |one_bit_reg:r7|         ; 1 (0)             ; 1 (0)        ; 0           ; 0            ; 0       ; 0         ; 0         ; 0    ; 0            ; |orag_v2|reg_10_bit_without_2bit:A|one_bit_reg:r7             ; work         ;
;          |D_FF:comb_4|         ; 1 (1)             ; 1 (1)        ; 0           ; 0            ; 0       ; 0         ; 0         ; 0    ; 0            ; |orag_v2|reg_10_bit_without_2bit:A|one_bit_reg:r7|D_FF:comb_4 ; work         ;
;    |reg_10_bit_without_2bit:R| ; 8 (0)             ; 8 (0)        ; 0           ; 0            ; 0       ; 0         ; 0         ; 0    ; 0            ; |orag_v2|reg_10_bit_without_2bit:R                            ; work         ;
;       |one_bit_reg:r0|         ; 1 (0)             ; 1 (0)        ; 0           ; 0            ; 0       ; 0         ; 0         ; 0    ; 0            ; |orag_v2|reg_10_bit_without_2bit:R|one_bit_reg:r0             ; work         ;
;          |D_FF:comb_4|         ; 1 (1)             ; 1 (1)        ; 0           ; 0            ; 0       ; 0         ; 0         ; 0    ; 0            ; |orag_v2|reg_10_bit_without_2bit:R|one_bit_reg:r0|D_FF:comb_4 ; work         ;
;       |one_bit_reg:r1|         ; 1 (0)             ; 1 (0)        ; 0           ; 0            ; 0       ; 0         ; 0         ; 0    ; 0            ; |orag_v2|reg_10_bit_without_2bit:R|one_bit_reg:r1             ; work         ;
;          |D_FF:comb_4|         ; 1 (1)             ; 1 (1)        ; 0           ; 0            ; 0       ; 0         ; 0         ; 0    ; 0            ; |orag_v2|reg_10_bit_without_2bit:R|one_bit_reg:r1|D_FF:comb_4 ; work         ;
;       |one_bit_reg:r2|         ; 1 (0)             ; 1 (0)        ; 0           ; 0            ; 0       ; 0         ; 0         ; 0    ; 0            ; |orag_v2|reg_10_bit_without_2bit:R|one_bit_reg:r2             ; work         ;
;          |D_FF:comb_4|         ; 1 (1)             ; 1 (1)        ; 0           ; 0            ; 0       ; 0         ; 0         ; 0    ; 0            ; |orag_v2|reg_10_bit_without_2bit:R|one_bit_reg:r2|D_FF:comb_4 ; work         ;
;       |one_bit_reg:r3|         ; 1 (0)             ; 1 (0)        ; 0           ; 0            ; 0       ; 0         ; 0         ; 0    ; 0            ; |orag_v2|reg_10_bit_without_2bit:R|one_bit_reg:r3             ; work         ;
;          |D_FF:comb_4|         ; 1 (1)             ; 1 (1)        ; 0           ; 0            ; 0       ; 0         ; 0         ; 0    ; 0            ; |orag_v2|reg_10_bit_without_2bit:R|one_bit_reg:r3|D_FF:comb_4 ; work         ;
;       |one_bit_reg:r4|         ; 1 (0)             ; 1 (0)        ; 0           ; 0            ; 0       ; 0         ; 0         ; 0    ; 0            ; |orag_v2|reg_10_bit_without_2bit:R|one_bit_reg:r4             ; work         ;
;          |D_FF:comb_4|         ; 1 (1)             ; 1 (1)        ; 0           ; 0            ; 0       ; 0         ; 0         ; 0    ; 0            ; |orag_v2|reg_10_bit_without_2bit:R|one_bit_reg:r4|D_FF:comb_4 ; work         ;
;       |one_bit_reg:r5|         ; 1 (0)             ; 1 (0)        ; 0           ; 0            ; 0       ; 0         ; 0         ; 0    ; 0            ; |orag_v2|reg_10_bit_without_2bit:R|one_bit_reg:r5             ; work         ;
;          |D_FF:comb_4|         ; 1 (1)             ; 1 (1)        ; 0           ; 0            ; 0       ; 0         ; 0         ; 0    ; 0            ; |orag_v2|reg_10_bit_without_2bit:R|one_bit_reg:r5|D_FF:comb_4 ; work         ;
;       |one_bit_reg:r6|         ; 1 (0)             ; 1 (0)        ; 0           ; 0            ; 0       ; 0         ; 0         ; 0    ; 0            ; |orag_v2|reg_10_bit_without_2bit:R|one_bit_reg:r6             ; work         ;
;          |D_FF:comb_4|         ; 1 (1)             ; 1 (1)        ; 0           ; 0            ; 0       ; 0         ; 0         ; 0    ; 0            ; |orag_v2|reg_10_bit_without_2bit:R|one_bit_reg:r6|D_FF:comb_4 ; work         ;
;       |one_bit_reg:r7|         ; 1 (0)             ; 1 (0)        ; 0           ; 0            ; 0       ; 0         ; 0         ; 0    ; 0            ; |orag_v2|reg_10_bit_without_2bit:R|one_bit_reg:r7             ; work         ;
;          |D_FF:comb_4|         ; 1 (1)             ; 1 (1)        ; 0           ; 0            ; 0       ; 0         ; 0         ; 0    ; 0            ; |orag_v2|reg_10_bit_without_2bit:R|one_bit_reg:r7|D_FF:comb_4 ; work         ;
;    |reg_8_bit:MAR|             ; 5 (0)             ; 4 (0)        ; 0           ; 0            ; 0       ; 0         ; 0         ; 0    ; 0            ; |orag_v2|reg_8_bit:MAR                                        ; work         ;
;       |one_bit_reg:r0|         ; 2 (0)             ; 1 (0)        ; 0           ; 0            ; 0       ; 0         ; 0         ; 0    ; 0            ; |orag_v2|reg_8_bit:MAR|one_bit_reg:r0                         ; work         ;
;          |D_FF:comb_4|         ; 2 (2)             ; 1 (1)        ; 0           ; 0            ; 0       ; 0         ; 0         ; 0    ; 0            ; |orag_v2|reg_8_bit:MAR|one_bit_reg:r0|D_FF:comb_4             ; work         ;
;       |one_bit_reg:r1|         ; 1 (0)             ; 1 (0)        ; 0           ; 0            ; 0       ; 0         ; 0         ; 0    ; 0            ; |orag_v2|reg_8_bit:MAR|one_bit_reg:r1                         ; work         ;
;          |D_FF:comb_4|         ; 1 (1)             ; 1 (1)        ; 0           ; 0            ; 0       ; 0         ; 0         ; 0    ; 0            ; |orag_v2|reg_8_bit:MAR|one_bit_reg:r1|D_FF:comb_4             ; work         ;
;       |one_bit_reg:r2|         ; 1 (0)             ; 1 (0)        ; 0           ; 0            ; 0       ; 0         ; 0         ; 0    ; 0            ; |orag_v2|reg_8_bit:MAR|one_bit_reg:r2                         ; work         ;
;          |D_FF:comb_4|         ; 1 (1)             ; 1 (1)        ; 0           ; 0            ; 0       ; 0         ; 0         ; 0    ; 0            ; |orag_v2|reg_8_bit:MAR|one_bit_reg:r2|D_FF:comb_4             ; work         ;
;       |one_bit_reg:r3|         ; 1 (0)             ; 1 (0)        ; 0           ; 0            ; 0       ; 0         ; 0         ; 0    ; 0            ; |orag_v2|reg_8_bit:MAR|one_bit_reg:r3                         ; work         ;
;          |D_FF:comb_4|         ; 1 (1)             ; 1 (1)        ; 0           ; 0            ; 0       ; 0         ; 0         ; 0    ; 0            ; |orag_v2|reg_8_bit:MAR|one_bit_reg:r3|D_FF:comb_4             ; work         ;
+--------------------------------+-------------------+--------------+-------------+--------------+---------+-----------+-----------+------+--------------+---------------------------------------------------------------+--------------+
Note: For table entries with two numbers listed, the numbers in parentheses indicate the number of resources of the given type used by the specific entity alone. The numbers listed outside of parentheses indicate the total resources of the given type used by the specific entity and all of its sub-entities in the hierarchy.


+---------------------------------------------------------------------------------------------+
; Registers Removed During Synthesis                                                          ;
+----------------------------------------+----------------------------------------------------+
; Register name                          ; Reason for Removal                                 ;
+----------------------------------------+----------------------------------------------------+
; MBR:MBR_1|one_bit_reg:r6|D_FF:comb_4|Q ; Merged with MBR:MBR_1|one_bit_reg:r5|D_FF:comb_4|Q ;
; Total Number of Removed Registers = 1  ;                                                    ;
+----------------------------------------+----------------------------------------------------+


+------------------------------------------------------+
; General Register Statistics                          ;
+----------------------------------------------+-------+
; Statistic                                    ; Value ;
+----------------------------------------------+-------+
; Total registers                              ; 46    ;
; Number of registers using Synchronous Clear  ; 28    ;
; Number of registers using Synchronous Load   ; 0     ;
; Number of registers using Asynchronous Clear ; 8     ;
; Number of registers using Asynchronous Load  ; 0     ;
; Number of registers using Clock Enable       ; 26    ;
; Number of registers using Preset             ; 0     ;
+----------------------------------------------+-------+


+-------------------------------------------------------------------------------------------------------------------------------------------------------------------------------+
; Multiplexer Restructuring Statistics (Restructuring Performed)                                                                                                                ;
+--------------------+-----------+---------------+----------------------+------------------------+------------+-----------------------------------------------------------------+
; Multiplexer Inputs ; Bus Width ; Baseline Area ; Area if Restructured ; Saving if Restructured ; Registered ; Example Multiplexer Output                                      ;
+--------------------+-----------+---------------+----------------------+------------------------+------------+-----------------------------------------------------------------+
; 3:1                ; 6 bits    ; 12 LEs        ; 6 LEs                ; 6 LEs                  ; Yes        ; |orag_v2|reg_10_bit:IR|one_bit_reg:r9|D_FF:comb_4|Q             ;
; 3:1                ; 10 bits   ; 20 LEs        ; 10 LEs               ; 10 LEs                 ; Yes        ; |orag_v2|MBR:MBR_1|one_bit_reg:r9|D_FF:comb_4|Q                 ;
; 4:1                ; 8 bits    ; 16 LEs        ; 16 LEs               ; 0 LEs                  ; Yes        ; |orag_v2|reg_10_bit_without_2bit:A|one_bit_reg:r6|D_FF:comb_4|Q ;
; 4:1                ; 4 bits    ; 8 LEs         ; 8 LEs                ; 0 LEs                  ; Yes        ; |orag_v2|reg_8_bit:MAR|one_bit_reg:r0|D_FF:comb_4|Q             ;
+--------------------+-----------+---------------+----------------------+------------------------+------------+-----------------------------------------------------------------+


+-------------------------------+
; Elapsed Time Per Partition    ;
+----------------+--------------+
; Partition Name ; Elapsed Time ;
+----------------+--------------+
; Top            ; 00:00:00     ;
+----------------+--------------+


+-------------------------------+
; Analysis & Synthesis Messages ;
+-------------------------------+
Info: *******************************************************************
Info: Running Quartus II 64-Bit Analysis & Synthesis
    Info: Version 13.1.0 Build 162 10/23/2013 SJ Web Edition
    Info: Processing started: Fri May 17 19:43:15 2024
Info: Command: quartus_map --read_settings_files=on --write_settings_files=off orag_assiment_v2 -c orag_assiment_v2
Warning (20028): Parallel compilation is not licensed and has been disabled
Info (12021): Found 1 design units, including 1 entities, in source file micro_control.v
    Info (12023): Found entity 1: micro_control
Info (12021): Found 1 design units, including 1 entities, in source file decoder2x4.v
    Info (12023): Found entity 1: decoder2x4
Info (12021): Found 1 design units, including 1 entities, in source file decoder3x8.v
    Info (12023): Found entity 1: decoder3x8
Info (12021): Found 1 design units, including 1 entities, in source file d_ff.v
    Info (12023): Found entity 1: D_FF
Info (12021): Found 1 design units, including 1 entities, in source file t_ff.v
    Info (12023): Found entity 1: T_FF
Info (12021): Found 1 design units, including 1 entities, in source file t_reg.v
    Info (12023): Found entity 1: T_reg
Info (12021): Found 1 design units, including 1 entities, in source file mux2x1.v
    Info (12023): Found entity 1: mux2x1
Info (12021): Found 1 design units, including 1 entities, in source file one_bit_reg.v
    Info (12023): Found entity 1: one_bit_reg
Info (12021): Found 1 design units, including 1 entities, in source file reg_8_bit.v
    Info (12023): Found entity 1: reg_8_bit
Info (12021): Found 1 design units, including 1 entities, in source file reg_10_bit.v
    Info (12023): Found entity 1: reg_10_bit
Info (12021): Found 1 design units, including 1 entities, in source file memory16x10.v
    Info (12023): Found entity 1: Memory16X10
Info (12021): Found 1 design units, including 1 entities, in source file pc.v
    Info (12023): Found entity 1: PC
Info (12021): Found 1 design units, including 1 entities, in source file orag_v2.bdf
    Info (12023): Found entity 1: orag_v2
Info (12021): Found 1 design units, including 1 entities, in source file mux2x1_8_bit.v
    Info (12023): Found entity 1: mux2x1_8_bit
Info (12021): Found 1 design units, including 1 entities, in source file mbr.v
    Info (12023): Found entity 1: MBR
Info (12021): Found 1 design units, including 1 entities, in source file reg_10_bit_without_2bit.v
    Info (12023): Found entity 1: reg_10_bit_without_2bit
Info (12021): Found 1 design units, including 1 entities, in source file mux2x1_10_bit.v
    Info (12023): Found entity 1: mux2x1_10_bit
Critical Warning (10846): Verilog HDL Instantiation warning at one_bit_reg.v(4): instance has no name
Critical Warning (10846): Verilog HDL Instantiation warning at one_bit_reg.v(5): instance has no name
Info (12127): Elaborating entity "orag_v2" for the top level hierarchy
Info (12128): Elaborating entity "micro_control" for hierarchy "micro_control:controller"
Info (12128): Elaborating entity "decoder2x4" for hierarchy "decoder2x4:DEC2x4_1"
Info (12128): Elaborating entity "reg_10_bit" for hierarchy "reg_10_bit:IR"
Info (12128): Elaborating entity "one_bit_reg" for hierarchy "reg_10_bit:IR|one_bit_reg:r0"
Info (12128): Elaborating entity "mux2x1" for hierarchy "reg_10_bit:IR|one_bit_reg:r0|mux2x1:comb_3"
Info (12128): Elaborating entity "D_FF" for hierarchy "reg_10_bit:IR|one_bit_reg:r0|D_FF:comb_4"
Info (12128): Elaborating entity "MBR" for hierarchy "MBR:MBR_1"
Info (12128): Elaborating entity "Memory16X10" for hierarchy "Memory16X10:inst27"
Warning (10240): Verilog HDL Always Construct warning at Memory16X10.v(58): inferring latch(es) for variable "data_out", which holds its previous value in one or more paths through the always construct
Warning (10030): Net "Mem.data_a" at Memory16X10.v(3) has no driver or initial value, using a default initial value '0'
Warning (10030): Net "Mem.waddr_a" at Memory16X10.v(3) has no driver or initial value, using a default initial value '0'
Warning (10030): Net "Mem.we_a" at Memory16X10.v(3) has no driver or initial value, using a default initial value '0'
Info (10041): Inferred latch for "data_out[0]" at Memory16X10.v(58)
Info (10041): Inferred latch for "data_out[1]" at Memory16X10.v(58)
Info (10041): Inferred latch for "data_out[2]" at Memory16X10.v(58)
Info (10041): Inferred latch for "data_out[3]" at Memory16X10.v(58)
Info (10041): Inferred latch for "data_out[4]" at Memory16X10.v(58)
Info (10041): Inferred latch for "data_out[5]" at Memory16X10.v(58)
Info (10041): Inferred latch for "data_out[6]" at Memory16X10.v(58)
Info (10041): Inferred latch for "data_out[7]" at Memory16X10.v(58)
Info (10041): Inferred latch for "data_out[8]" at Memory16X10.v(58)
Info (10041): Inferred latch for "data_out[9]" at Memory16X10.v(58)
Info (12128): Elaborating entity "reg_8_bit" for hierarchy "reg_8_bit:MAR"
Info (12128): Elaborating entity "mux2x1_8_bit" for hierarchy "mux2x1_8_bit:Mux2x1"
Info (12128): Elaborating entity "PC" for hierarchy "PC:inst"
Info (12128): Elaborating entity "decoder3x8" for hierarchy "decoder3x8:DEC3x8_1"
Info (12128): Elaborating entity "T_reg" for hierarchy "T_reg:T_reg_1"
Info (12128): Elaborating entity "T_FF" for hierarchy "T_reg:T_reg_1|T_FF:t0"
Info (12128): Elaborating entity "reg_10_bit_without_2bit" for hierarchy "reg_10_bit_without_2bit:A"
Info (12128): Elaborating entity "mux2x1_10_bit" for hierarchy "mux2x1_10_bit:inst23"
Warning (14026): LATCH primitive "Memory16X10:inst27|data_out[1]" is permanently enabled
Warning (14026): LATCH primitive "Memory16X10:inst27|data_out[2]" is permanently enabled
Warning (14026): LATCH primitive "Memory16X10:inst27|data_out[3]" is permanently enabled
Warning (14026): LATCH primitive "Memory16X10:inst27|data_out[4]" is permanently enabled
Warning (14026): LATCH primitive "Memory16X10:inst27|data_out[5]" is permanently enabled
Warning (14026): LATCH primitive "Memory16X10:inst27|data_out[6]" is permanently enabled
Warning (14026): LATCH primitive "Memory16X10:inst27|data_out[7]" is permanently enabled
Warning (14026): LATCH primitive "Memory16X10:inst27|data_out[8]" is permanently enabled
Warning (14026): LATCH primitive "Memory16X10:inst27|data_out[9]" is permanently enabled
Warning (14026): LATCH primitive "Memory16X10:inst27|data_out[0]" is permanently enabled
Info (13014): Ignored 1 buffer(s)
    Info (13019): Ignored 1 SOFT buffer(s)
Info (276014): Found 1 instances of uninferred RAM logic
    Info (276004): RAM logic "Memory16X10:inst27|Mem" is uninferred due to inappropriate RAM size
Warning (13024): Output pins are stuck at VCC or GND
    Warning (13410): Pin "A_OUT[9]" is stuck at GND
    Warning (13410): Pin "A_OUT[8]" is stuck at GND
Info (286030): Timing-Driven Synthesis is running
Info (16010): Generating hard_block partition "hard_block:auto_generated_inst"
    Info (16011): Adding 0 node(s), including 0 DDIO, 0 PLL, 0 transceiver and 0 LCELL
Warning (21074): Design contains 2 input pin(s) that do not drive logic
    Warning (15610): No output dependent on input pin "R_DATA_IN[9]"
    Warning (15610): No output dependent on input pin "R_DATA_IN[8]"
Info (21057): Implemented 119 device resources after synthesis - the final resource count might be different
    Info (21058): Implemented 12 input pins
    Info (21059): Implemented 38 output pins
    Info (21061): Implemented 69 logic cells
Info: Quartus II 64-Bit Analysis & Synthesis was successful. 0 errors, 23 warnings
    Info: Peak virtual memory: 4677 megabytes
    Info: Processing ended: Fri May 17 19:43:16 2024
    Info: Elapsed time: 00:00:01
    Info: Total CPU time (on all processors): 00:00:00


